  EgasiaDomes1.cpp
C:\Users\user\source\repos\EgasiaDomes1\EgasiaDomes1.cpp(118,14): warning C4101: 'e': unreferenced local variable
C:\Users\user\source\repos\EgasiaDomes1\EgasiaDomes1.cpp(695,23): warning C4244: 'initializing': conversion from 'double' to 'int', possible loss of data
C:\Users\user\source\repos\EgasiaDomes1\EgasiaDomes1.cpp(703,58): warning C4244: 'argument': conversion from 'double' to 'int', possible loss of data
C:\Users\user\source\repos\EgasiaDomes1\EgasiaDomes1.cpp(703,49): warning C4244: 'argument': conversion from 'double' to 'int', possible loss of data
C:\Users\user\source\repos\EgasiaDomes1\EgasiaDomes1.cpp(534,14): warning C4101: 'e': unreferenced local variable
C:\Users\user\source\repos\EgasiaDomes1\EgasiaDomes1.cpp(509): message : while compiling class template member function 'Node<User> *DoublyLinkedList<User>::GetNode(int)'
C:\Users\user\source\repos\EgasiaDomes1\EgasiaDomes1.cpp(741): message : see reference to function template instantiation 'Node<User> *DoublyLinkedList<User>::GetNode(int)' being compiled
C:\Users\user\source\repos\EgasiaDomes1\EgasiaDomes1.cpp(741): message : see reference to class template instantiation 'DoublyLinkedList<User>' being compiled
C:\Program Files (x86)\Microsoft Visual Studio\2019\Community\VC\Tools\MSVC\14.24.28314\include\chrono(632): message : see reference to class template instantiation 'std::chrono::duration<double,std::ratio<1,1>>' being compiled
C:\Program Files (x86)\Microsoft Visual Studio\2019\Community\VC\Tools\MSVC\14.24.28314\include\chrono(178): message : see reference to class template instantiation 'std::chrono::duration<__int64,std::nano>' being compiled
C:\Program Files (x86)\Microsoft Visual Studio\2019\Community\VC\Tools\MSVC\14.24.28314\include\chrono(610): message : see reference to class template instantiation 'std::chrono::time_point<std::chrono::steady_clock,std::chrono::nanoseconds>' being compiled
C:\Users\user\source\repos\EgasiaDomes1\EgasiaDomes1.cpp(472,13): warning C4101: 'e': unreferenced local variable
C:\Users\user\source\repos\EgasiaDomes1\EgasiaDomes1.cpp(447): message : while compiling class template member function 'T DoublyLinkedList<T>::GetData(int)'
          with
          [
              T=User
          ]
C:\Users\user\source\repos\EgasiaDomes1\EgasiaDomes1.cpp(894): message : see reference to function template instantiation 'T DoublyLinkedList<T>::GetData(int)' being compiled
          with
          [
              T=User
          ]
  EgasiaDomes1.vcxproj -> C:\Users\user\source\repos\EgasiaDomes1\Debug\EgasiaDomes1.exe
